<?xml version="1.0" encoding="UTF-8"?>
<!-- Generated by org.testng.reporters.JUnitReportReporter -->
<testsuite skipped="0" hostname="Darshan-PC" name="org.RupeekAssign.Assignment.GetUsersList" tests="1" failures="0" timestamp="27 Apr 2020 11:11:22 GMT" time="1.935" errors="0">
  <testcase name="get" time="1.935" classname="org.RupeekAssign.Assignment.GetUsersList"/>
</testsuite> <!-- org.RupeekAssign.Assignment.GetUsersList -->
