<?xml version="1.0" encoding="UTF-8"?>
<!-- Generated by org.testng.reporters.JUnitReportReporter -->
<testsuite skipped="0" hostname="Darshan-PC" name="org.RupeekAssign.Assignment.Rupeek_01" tests="1" failures="0" timestamp="27 Apr 2020 11:31:43 GMT" time="14.881" errors="0">
  <testcase name="getToken" time="14.881" classname="org.RupeekAssign.Assignment.Rupeek_01"/>
</testsuite> <!-- org.RupeekAssign.Assignment.Rupeek_01 -->
